{
  "uid" : "6e8fa586798ecb61",
  "name" : "Select draft message",
  "fullName" : "com.epam.elena_bolotova.mentoring.task6.pageobject.SelectDraftTest.selectDraftTest",
  "historyId" : "faa949b6be700297a49b8408bbf8b38b",
  "time" : {
    "start" : 1504437292135,
    "stop" : 1504437316593,
    "duration" : 24458
  },
  "status" : "broken",
  "statusDetails" : {
    "message" : "Expected condition failed: waiting for presence of any elements located by By.cssSelector: div[aria-label='Message Body'] (tried for 20 second(s) with 500 MILLISECONDS interval)\nBuild info: version: '3.4.0', revision: 'unknown', time: 'unknown'\nSystem info: host: 'DESKTOP-OV84OKC', ip: '192.168.1.39', os.name: 'Windows 10', os.arch: 'amd64', os.version: '10.0', java.version: '1.8.0_144'\nDriver info: com.epam.elena_bolotova.mentoring.task6.pageobject.driver.DriverDecorator",
    "trace" : "org.openqa.selenium.TimeoutException: Expected condition failed: waiting for presence of any elements located by By.cssSelector: div[aria-label='Message Body'] (tried for 20 second(s) with 500 MILLISECONDS interval)\nBuild info: version: '3.4.0', revision: 'unknown', time: 'unknown'\nSystem info: host: 'DESKTOP-OV84OKC', ip: '192.168.1.39', os.name: 'Windows 10', os.arch: 'amd64', os.version: '10.0', java.version: '1.8.0_144'\nDriver info: com.epam.elena_bolotova.mentoring.task6.pageobject.driver.DriverDecorator\r\n\tat org.openqa.selenium.support.ui.WebDriverWait.timeoutException(WebDriverWait.java:80)\r\n\tat org.openqa.selenium.support.ui.FluentWait.until(FluentWait.java:232)\r\n\tat com.epam.elena_bolotova.mentoring.task6.pageobject.pages.BasePage.waitForElementPresent(BasePage.java:30)\r\n\tat com.epam.elena_bolotova.mentoring.task6.pageobject.pages.DraftPage.readBody(DraftPage.java:75)\r\n\tat com.epam.elena_bolotova.mentoring.task6.pageobject.SelectDraftTest.selectDraftTest(SelectDraftTest.java:17)\r\n\tat sun.reflect.NativeMethodAccessorImpl.invoke0(Native Method)\r\n\tat sun.reflect.NativeMethodAccessorImpl.invoke(NativeMethodAccessorImpl.java:62)\r\n\tat sun.reflect.DelegatingMethodAccessorImpl.invoke(DelegatingMethodAccessorImpl.java:43)\r\n\tat java.lang.reflect.Method.invoke(Method.java:498)\r\n\tat org.testng.internal.MethodInvocationHelper.invokeMethod(MethodInvocationHelper.java:80)\r\n\tat org.testng.internal.Invoker.invokeMethod(Invoker.java:714)\r\n\tat org.testng.internal.Invoker.invokeTestMethod(Invoker.java:901)\r\n\tat org.testng.internal.Invoker.invokeTestMethods(Invoker.java:1231)\r\n\tat org.testng.internal.TestMethodWorker.invokeTestMethods(TestMethodWorker.java:127)\r\n\tat org.testng.internal.TestMethodWorker.run(TestMethodWorker.java:111)\r\n\tat org.testng.TestRunner.privateRun(TestRunner.java:767)\r\n\tat org.testng.TestRunner.run(TestRunner.java:617)\r\n\tat org.testng.SuiteRunner.runTest(SuiteRunner.java:334)\r\n\tat org.testng.SuiteRunner.runSequentially(SuiteRunner.java:329)\r\n\tat org.testng.SuiteRunner.privateRun(SuiteRunner.java:291)\r\n\tat org.testng.SuiteRunner.run(SuiteRunner.java:240)\r\n\tat org.testng.SuiteRunnerWorker.runSuite(SuiteRunnerWorker.java:52)\r\n\tat org.testng.SuiteRunnerWorker.run(SuiteRunnerWorker.java:86)\r\n\tat org.testng.TestNG.runSuitesSequentially(TestNG.java:1198)\r\n\tat org.testng.TestNG.runSuitesLocally(TestNG.java:1123)\r\n\tat org.testng.TestNG.run(TestNG.java:1031)\r\n\tat org.apache.maven.surefire.testng.TestNGExecutor.run(TestNGExecutor.java:283)\r\n\tat org.apache.maven.surefire.testng.TestNGXmlTestSuite.execute(TestNGXmlTestSuite.java:75)\r\n\tat org.apache.maven.surefire.testng.TestNGProvider.invoke(TestNGProvider.java:120)\r\n\tat org.apache.maven.surefire.booter.ForkedBooter.invokeProviderInSameClassLoader(ForkedBooter.java:386)\r\n\tat org.apache.maven.surefire.booter.ForkedBooter.runSuitesInProcess(ForkedBooter.java:323)\r\n\tat org.apache.maven.surefire.booter.ForkedBooter.main(ForkedBooter.java:143)\r\n",
    "flaky" : false
  },
  "beforeStages" : [ {
    "name" : "Start browser",
    "time" : {
      "start" : 1504437280710,
      "stop" : 1504437284803,
      "duration" : 4093
    },
    "status" : "passed",
    "steps" : [ ],
    "attachments" : [ ],
    "parameters" : [ ],
    "attachmentsCount" : 0,
    "shouldDisplayMessage" : false,
    "hasContent" : false,
    "stepsCount" : 0
  } ],
  "afterStages" : [ {
    "name" : "Close browser",
    "time" : {
      "start" : 1504437316734,
      "stop" : 1504437317197,
      "duration" : 463
    },
    "status" : "passed",
    "steps" : [ ],
    "attachments" : [ ],
    "parameters" : [ ],
    "attachmentsCount" : 0,
    "shouldDisplayMessage" : false,
    "hasContent" : false,
    "stepsCount" : 0
  }, {
    "name" : "Check test result",
    "time" : {
      "start" : 1504437316596,
      "stop" : 1504437316730,
      "duration" : 134
    },
    "status" : "passed",
    "steps" : [ ],
    "attachments" : [ ],
    "parameters" : [ ],
    "attachmentsCount" : 0,
    "shouldDisplayMessage" : false,
    "hasContent" : false,
    "stepsCount" : 0
  } ],
  "labels" : [ {
    "name" : "package",
    "value" : "com.epam.elena_bolotova.mentoring.task6.pageobject.SelectDraftTest"
  }, {
    "name" : "testClass",
    "value" : "com.epam.elena_bolotova.mentoring.task6.pageobject.SelectDraftTest"
  }, {
    "name" : "testMethod",
    "value" : "selectDraftTest"
  }, {
    "name" : "parentSuite",
    "value" : "FullSuitePO"
  }, {
    "name" : "suite",
    "value" : "GmailSelectDraftByKeys"
  }, {
    "name" : "subSuite",
    "value" : "com.epam.elena_bolotova.mentoring.task6.pageobject.SelectDraftTest"
  }, {
    "name" : "host",
    "value" : "DESKTOP-OV84OKC"
  }, {
    "name" : "thread",
    "value" : "20996@DESKTOP-OV84OKC.main(1)"
  }, {
    "name" : "resultFormat",
    "value" : "allure2"
  } ],
  "parameters" : [ {
    "name" : "arg0",
    "value" : "elena_bolotova@epam.com"
  }, {
    "name" : "arg1",
    "value" : "Test email"
  }, {
    "name" : "arg2",
    "value" : "This is my test email for hometask #5."
  }, {
    "name" : "password",
    "value" : "Mentoring"
  }, {
    "name" : "username",
    "value" : "tuser5500@gmail.com"
  } ],
  "links" : [ ],
  "hidden" : true,
  "extra" : {
    "tags" : [ ]
  },
  "source" : "6e8fa586798ecb61.json",
  "statusDetailsSafe" : {
    "message" : "Expected condition failed: waiting for presence of any elements located by By.cssSelector: div[aria-label='Message Body'] (tried for 20 second(s) with 500 MILLISECONDS interval)\nBuild info: version: '3.4.0', revision: 'unknown', time: 'unknown'\nSystem info: host: 'DESKTOP-OV84OKC', ip: '192.168.1.39', os.name: 'Windows 10', os.arch: 'amd64', os.version: '10.0', java.version: '1.8.0_144'\nDriver info: com.epam.elena_bolotova.mentoring.task6.pageobject.driver.DriverDecorator",
    "trace" : "org.openqa.selenium.TimeoutException: Expected condition failed: waiting for presence of any elements located by By.cssSelector: div[aria-label='Message Body'] (tried for 20 second(s) with 500 MILLISECONDS interval)\nBuild info: version: '3.4.0', revision: 'unknown', time: 'unknown'\nSystem info: host: 'DESKTOP-OV84OKC', ip: '192.168.1.39', os.name: 'Windows 10', os.arch: 'amd64', os.version: '10.0', java.version: '1.8.0_144'\nDriver info: com.epam.elena_bolotova.mentoring.task6.pageobject.driver.DriverDecorator\r\n\tat org.openqa.selenium.support.ui.WebDriverWait.timeoutException(WebDriverWait.java:80)\r\n\tat org.openqa.selenium.support.ui.FluentWait.until(FluentWait.java:232)\r\n\tat com.epam.elena_bolotova.mentoring.task6.pageobject.pages.BasePage.waitForElementPresent(BasePage.java:30)\r\n\tat com.epam.elena_bolotova.mentoring.task6.pageobject.pages.DraftPage.readBody(DraftPage.java:75)\r\n\tat com.epam.elena_bolotova.mentoring.task6.pageobject.SelectDraftTest.selectDraftTest(SelectDraftTest.java:17)\r\n\tat sun.reflect.NativeMethodAccessorImpl.invoke0(Native Method)\r\n\tat sun.reflect.NativeMethodAccessorImpl.invoke(NativeMethodAccessorImpl.java:62)\r\n\tat sun.reflect.DelegatingMethodAccessorImpl.invoke(DelegatingMethodAccessorImpl.java:43)\r\n\tat java.lang.reflect.Method.invoke(Method.java:498)\r\n\tat org.testng.internal.MethodInvocationHelper.invokeMethod(MethodInvocationHelper.java:80)\r\n\tat org.testng.internal.Invoker.invokeMethod(Invoker.java:714)\r\n\tat org.testng.internal.Invoker.invokeTestMethod(Invoker.java:901)\r\n\tat org.testng.internal.Invoker.invokeTestMethods(Invoker.java:1231)\r\n\tat org.testng.internal.TestMethodWorker.invokeTestMethods(TestMethodWorker.java:127)\r\n\tat org.testng.internal.TestMethodWorker.run(TestMethodWorker.java:111)\r\n\tat org.testng.TestRunner.privateRun(TestRunner.java:767)\r\n\tat org.testng.TestRunner.run(TestRunner.java:617)\r\n\tat org.testng.SuiteRunner.runTest(SuiteRunner.java:334)\r\n\tat org.testng.SuiteRunner.runSequentially(SuiteRunner.java:329)\r\n\tat org.testng.SuiteRunner.privateRun(SuiteRunner.java:291)\r\n\tat org.testng.SuiteRunner.run(SuiteRunner.java:240)\r\n\tat org.testng.SuiteRunnerWorker.runSuite(SuiteRunnerWorker.java:52)\r\n\tat org.testng.SuiteRunnerWorker.run(SuiteRunnerWorker.java:86)\r\n\tat org.testng.TestNG.runSuitesSequentially(TestNG.java:1198)\r\n\tat org.testng.TestNG.runSuitesLocally(TestNG.java:1123)\r\n\tat org.testng.TestNG.run(TestNG.java:1031)\r\n\tat org.apache.maven.surefire.testng.TestNGExecutor.run(TestNGExecutor.java:283)\r\n\tat org.apache.maven.surefire.testng.TestNGXmlTestSuite.execute(TestNGXmlTestSuite.java:75)\r\n\tat org.apache.maven.surefire.testng.TestNGProvider.invoke(TestNGProvider.java:120)\r\n\tat org.apache.maven.surefire.booter.ForkedBooter.invokeProviderInSameClassLoader(ForkedBooter.java:386)\r\n\tat org.apache.maven.surefire.booter.ForkedBooter.runSuitesInProcess(ForkedBooter.java:323)\r\n\tat org.apache.maven.surefire.booter.ForkedBooter.main(ForkedBooter.java:143)\r\n",
    "flaky" : false
  },
  "statusMessage" : {
    "present" : true
  },
  "parameterValues" : [ "elena_bolotova@epam.com", "Test email", "This is my test email for hometask #5.", "Mentoring", "tuser5500@gmail.com" ]
}